<?xml version="1.0" encoding="UTF-8"?>
<!-- Generated by org.testng.reporters.JUnitReportReporter -->
<testsuite hostname="K486LTRV" failures="0" tests="3" name="ust.PharmEasyAutomationSuite.Test.MedicineDetailsVerificationTest" time="58.732" errors="0" timestamp="2024-04-27T16:32:53 IST" skipped="0">
  <testcase classname="ust.PharmEasyAutomationSuite.Test.MedicineDetailsVerificationTest" name="validateWebsiteURL" time="0.070"/>
  <testcase classname="ust.PharmEasyAutomationSuite.Test.MedicineDetailsVerificationTest" name="testSearchAndSelectProduct" time="7.702"/>
  <testcase classname="ust.PharmEasyAutomationSuite.Test.MedicineDetailsVerificationTest" name="testProducts" time="50.960"/>
</testsuite> <!-- ust.PharmEasyAutomationSuite.Test.MedicineDetailsVerificationTest -->
