<?xml version="1.0" encoding="UTF-8"?>
<!-- Generated by org.testng.reporters.JUnitReportReporter -->
<testsuite hostname="K486LTRV" failures="0" tests="3" name="ust.PharmEasyAutomationSuite.Test.MedicineDetailsVerificationTest" time="67.740" errors="0" timestamp="2024-04-27T16:10:22 IST" skipped="0">
  <testcase classname="ust.PharmEasyAutomationSuite.Test.MedicineDetailsVerificationTest" name="validateWebsiteURL" time="0.045"/>
  <testcase classname="ust.PharmEasyAutomationSuite.Test.MedicineDetailsVerificationTest" name="testSearchAndSelectProduct" time="6.329"/>
  <testcase classname="ust.PharmEasyAutomationSuite.Test.MedicineDetailsVerificationTest" name="testProducts" time="61.366"/>
</testsuite> <!-- ust.PharmEasyAutomationSuite.Test.MedicineDetailsVerificationTest -->
