<?xml version="1.0" encoding="UTF-8"?>
<!-- Generated by org.testng.reporters.JUnitReportReporter -->
<testsuite hostname="K556LTRV" failures="0" tests="7" name="ust.PharmEasyAutomationSuite.Test.TestLabTest" time="27.306" errors="0" timestamp="2024-04-30T13:16:37 IST" skipped="0">
  <testcase classname="ust.PharmEasyAutomationSuite.Test.TestLabTest" name="testUrl" time="0.027"/>
  <testcase classname="ust.PharmEasyAutomationSuite.Test.TestLabTest" name="testClickLabTest" time="7.382"/>
  <testcase classname="ust.PharmEasyAutomationSuite.Test.TestLabTest" name="testIsPincodeFloatingWindowDisplayed" time="1.348"/>
  <testcase classname="ust.PharmEasyAutomationSuite.Test.TestLabTest" name="testSelectedPincodeAndLocationIsDisplayed" time="4.678"/>
  <testcase classname="ust.PharmEasyAutomationSuite.Test.TestLabTest" name="testSerachLabTest" time="8.787"/>
  <testcase classname="ust.PharmEasyAutomationSuite.Test.TestLabTest" name="testIsPatientPopupDisplayed" time="0.819"/>
  <testcase classname="ust.PharmEasyAutomationSuite.Test.TestLabTest" name="testAddLabTestToCart" time="4.265"/>
</testsuite> <!-- ust.PharmEasyAutomationSuite.Test.TestLabTest -->
