<?xml version="1.0" encoding="UTF-8"?>
<!-- Generated by org.testng.reporters.JUnitReportReporter -->
<testsuite hostname="K486LTRV" failures="0" tests="8" name="ust.PharmEasyAutomationSuite.Test.PharmacySearchTest" time="21.553" errors="0" timestamp="2024-04-29T09:57:40 IST" skipped="0">
  <testcase classname="ust.PharmEasyAutomationSuite.Test.PharmacySearchTest" name="testWebsiteURL" time="0.039"/>
  <testcase classname="ust.PharmEasyAutomationSuite.Test.PharmacySearchTest" name="testSearchOptionIsAvailable" time="0.465"/>
  <testcase classname="ust.PharmEasyAutomationSuite.Test.PharmacySearchTest" name="testSearchSuggestions" time="3.995"/>
  <testcase classname="ust.PharmEasyAutomationSuite.Test.PharmacySearchTest" name="testSearchSuggestionsForRandomString" time="3.532"/>
  <testcase classname="ust.PharmEasyAutomationSuite.Test.PharmacySearchTest" name="testSearchSuggestionsWithSpecialCharacters" time="3.359"/>
  <testcase classname="ust.PharmEasyAutomationSuite.Test.PharmacySearchTest" name="testEmptySearch" time="6.468"/>
  <testcase classname="ust.PharmEasyAutomationSuite.Test.PharmacySearchTest" name="testSearchAndSelectProduct" time="3.647"/>
  <testcase classname="ust.PharmEasyAutomationSuite.Test.PharmacySearchTest" name="testURLValidation" time="0.048"/>
</testsuite> <!-- ust.PharmEasyAutomationSuite.Test.PharmacySearchTest -->
