<?xml version="1.0" encoding="UTF-8"?>
<!-- Generated by org.testng.reporters.JUnitReportReporter -->
<testsuite hostname="K556LTRV" failures="0" tests="7" name="ust.PharmEasyAutomationSuite.Test.TestLabTest" time="39.091" errors="0" timestamp="2024-04-29T10:26:25 IST" skipped="0">
  <testcase classname="ust.PharmEasyAutomationSuite.Test.TestLabTest" name="testUrl" time="0.050"/>
  <testcase classname="ust.PharmEasyAutomationSuite.Test.TestLabTest" name="testClickLabTest" time="10.176"/>
  <testcase classname="ust.PharmEasyAutomationSuite.Test.TestLabTest" name="testIsPincodeFloatingWindowDisplayed" time="1.560"/>
  <testcase classname="ust.PharmEasyAutomationSuite.Test.TestLabTest" name="testSelectedPincodeAndLocationIsDisplayed" time="5.299"/>
  <testcase classname="ust.PharmEasyAutomationSuite.Test.TestLabTest" name="testSerachLabTest" time="11.904"/>
  <testcase classname="ust.PharmEasyAutomationSuite.Test.TestLabTest" name="testIsPatientPopupDisplayed" time="0.818"/>
  <testcase classname="ust.PharmEasyAutomationSuite.Test.TestLabTest" name="testAddLabTestToCart" time="9.284"/>
</testsuite> <!-- ust.PharmEasyAutomationSuite.Test.TestLabTest -->
