<?xml version="1.0" encoding="UTF-8"?>
<!-- Generated by org.testng.reporters.JUnitReportReporter -->
<testsuite hostname="K486LTRV" failures="0" tests="7" name="ust.PharmEasyAutomationSuite.Test.HeaderTest" time="44.980" errors="0" timestamp="2024-04-29T00:19:40 IST" skipped="0">
  <testcase classname="ust.PharmEasyAutomationSuite.Test.HeaderTest" name="testWebsiteURL" time="2.722"/>
  <testcase classname="ust.PharmEasyAutomationSuite.Test.HeaderTest" name="testAllElementsPresence" time="40.469"/>
  <testcase classname="ust.PharmEasyAutomationSuite.Test.HeaderTest" name="testLogoClickable" time="0.403"/>
  <testcase classname="ust.PharmEasyAutomationSuite.Test.HeaderTest" name="testDownloadAppButtonClickable" time="0.478"/>
  <testcase classname="ust.PharmEasyAutomationSuite.Test.HeaderTest" name="testQuickLoginLinkClickable" time="0.207"/>
  <testcase classname="ust.PharmEasyAutomationSuite.Test.HeaderTest" name="testPharmeasyOfferLinkClickable" time="0.294"/>
  <testcase classname="ust.PharmEasyAutomationSuite.Test.HeaderTest" name="testAddToCartButtonClickable" time="0.407"/>
</testsuite> <!-- ust.PharmEasyAutomationSuite.Test.HeaderTest -->
