<?xml version="1.0" encoding="UTF-8"?>
<!-- Generated by org.testng.reporters.JUnitReportReporter -->
<testsuite hostname="K486LTRV" failures="0" tests="3" name="ust.PharmEasyAutomationSuite.Test.MedicineDetailsVerificationTest" time="80.660" errors="0" timestamp="2024-04-29T09:51:27 IST" skipped="0">
  <testcase classname="ust.PharmEasyAutomationSuite.Test.MedicineDetailsVerificationTest" name="validateWebsiteURL" time="0.068"/>
  <testcase classname="ust.PharmEasyAutomationSuite.Test.MedicineDetailsVerificationTest" name="testSearchAndSelectProduct" time="12.772"/>
  <testcase classname="ust.PharmEasyAutomationSuite.Test.MedicineDetailsVerificationTest" name="testProducts" time="67.820"/>
</testsuite> <!-- ust.PharmEasyAutomationSuite.Test.MedicineDetailsVerificationTest -->
