<?xml version="1.0" encoding="UTF-8"?>
<!-- Generated by org.testng.reporters.JUnitReportReporter -->
<testsuite hostname="K486LTRV" failures="0" tests="2" name="ust.PharmEasyAutomationSuite.Test.PharmacySearchTest" time="0.030" errors="0" timestamp="2024-04-25T12:38:47 IST" skipped="0">
  <testcase classname="ust.PharmEasyAutomationSuite.Test.PharmacySearchTest" name="testWebsiteURL" time="0.029"/>
  <testcase classname="ust.PharmEasyAutomationSuite.Test.PharmacySearchTest" name="testSearchOptionIsAvailable" time="0.001"/>
</testsuite> <!-- ust.PharmEasyAutomationSuite.Test.PharmacySearchTest -->
