<?xml version="1.0" encoding="UTF-8"?>
<!-- Generated by org.testng.reporters.JUnitReportReporter -->
<testsuite hostname="K556LTRV" failures="0" tests="1" name="ust.PharmEasyAutomationSuite.Test.FilterTest" time="56.027" errors="0" timestamp="2024-05-03T10:41:17 IST" skipped="0">
  <testcase classname="ust.PharmEasyAutomationSuite.Test.FilterTest" name="test" time="56.027"/>
</testsuite> <!-- ust.PharmEasyAutomationSuite.Test.FilterTest -->
