<?xml version="1.0" encoding="UTF-8"?>
<!-- Generated by org.testng.reporters.JUnitReportReporter -->
<testsuite hostname="K486LTRV" failures="0" tests="3" name="ust.PharmEasyAutomationSuite.Test.MedicineDetailsVerificationTest" time="66.067" errors="0" timestamp="2024-04-26T23:27:43 IST" skipped="0">
  <testcase classname="ust.PharmEasyAutomationSuite.Test.MedicineDetailsVerificationTest" name="validateWebsiteURL" time="0.037"/>
  <testcase classname="ust.PharmEasyAutomationSuite.Test.MedicineDetailsVerificationTest" name="testSearchAndSelectProduct" time="5.576"/>
  <testcase classname="ust.PharmEasyAutomationSuite.Test.MedicineDetailsVerificationTest" name="testProducts" time="60.454"/>
</testsuite> <!-- ust.PharmEasyAutomationSuite.Test.MedicineDetailsVerificationTest -->
