<?xml version="1.0" encoding="UTF-8"?>
<!-- Generated by org.testng.reporters.JUnitReportReporter -->
<testsuite hostname="K486LTRV" failures="0" tests="3" name="ust.PharmEasyAutomationSuite.Test.PharmacySearchTest" time="4.091" errors="0" timestamp="2024-04-26T10:58:10 IST" skipped="0">
  <testcase classname="ust.PharmEasyAutomationSuite.Test.PharmacySearchTest" name="testWebsiteURLandNavbar" time="0.033"/>
  <testcase classname="ust.PharmEasyAutomationSuite.Test.PharmacySearchTest" name="testSearchOptionIsAvailable" time="0.282"/>
  <testcase classname="ust.PharmEasyAutomationSuite.Test.PharmacySearchTest" name="testSearchSuggestions" time="3.776"/>
</testsuite> <!-- ust.PharmEasyAutomationSuite.Test.PharmacySearchTest -->
