<?xml version="1.0" encoding="UTF-8"?>
<!-- Generated by org.testng.reporters.JUnitReportReporter -->
<testsuite hostname="K556LTRV" failures="0" tests="1" name="ust.PharmEasyAutomationSuite.Test.TestLabTest" time="12.012" errors="0" timestamp="2024-04-25T10:04:52 IST" skipped="0">
  <testcase classname="ust.PharmEasyAutomationSuite.Test.TestLabTest" name="invokeBrowser" time="12.012"/>
</testsuite> <!-- ust.PharmEasyAutomationSuite.Test.TestLabTest -->
