<?xml version="1.0" encoding="UTF-8"?>
<!-- Generated by org.testng.reporters.JUnitReportReporter -->
<testsuite hostname="K486LTRV" failures="0" tests="8" name="ust.PharmEasyAutomationSuite.Test.PharmacySearchTest" time="22.978" errors="0" timestamp="2024-04-26T13:46:01 IST" skipped="0">
  <testcase classname="ust.PharmEasyAutomationSuite.Test.PharmacySearchTest" name="testWebsiteURL" time="0.031"/>
  <testcase classname="ust.PharmEasyAutomationSuite.Test.PharmacySearchTest" name="testSearchOptionIsAvailable" time="0.533"/>
  <testcase classname="ust.PharmEasyAutomationSuite.Test.PharmacySearchTest" name="testSearchSuggestions" time="3.731"/>
  <testcase classname="ust.PharmEasyAutomationSuite.Test.PharmacySearchTest" name="testSearchSuggestionsForRandomString" time="3.724"/>
  <testcase classname="ust.PharmEasyAutomationSuite.Test.PharmacySearchTest" name="testSearchSuggestionsWithSpecialCharacters" time="3.324"/>
  <testcase classname="ust.PharmEasyAutomationSuite.Test.PharmacySearchTest" name="testEmptySearch" time="6.375"/>
  <testcase classname="ust.PharmEasyAutomationSuite.Test.PharmacySearchTest" name="testSearchAndSelectProduct" time="5.236"/>
  <testcase classname="ust.PharmEasyAutomationSuite.Test.PharmacySearchTest" name="testURLValidation" time="0.024"/>
</testsuite> <!-- ust.PharmEasyAutomationSuite.Test.PharmacySearchTest -->
