<?xml version="1.0" encoding="UTF-8"?>
<!-- Generated by org.testng.reporters.JUnitReportReporter -->
<testsuite hostname="K556LTRV" failures="0" tests="5" name="ust.PharmEasyAutomationSuite.Test.SortTest" time="29.627" errors="0" timestamp="2024-04-30T10:24:23 IST" skipped="0">
  <testcase classname="ust.PharmEasyAutomationSuite.Test.SortTest" name="testIsElderlyCarePageDisplayed" time="6.380"/>
  <testcase classname="ust.PharmEasyAutomationSuite.Test.SortTest" name="testIsSortByDropDownDisplayed" time="0.495"/>
  <testcase classname="ust.PharmEasyAutomationSuite.Test.SortTest" name="testSortPriceLowToHigh" time="7.311"/>
  <testcase classname="ust.PharmEasyAutomationSuite.Test.SortTest" name="testSortPriceHighToLow" time="7.656"/>
  <testcase classname="ust.PharmEasyAutomationSuite.Test.SortTest" name="testDiscount" time="7.785"/>
</testsuite> <!-- ust.PharmEasyAutomationSuite.Test.SortTest -->
