<?xml version="1.0" encoding="UTF-8"?>
<!-- Generated by org.testng.reporters.JUnitReportReporter -->
<testsuite hostname="K486LTRV" failures="0" tests="1" name="runner.TestRunner" time="25.938" errors="0" timestamp="2024-05-03T13:04:20 IST" skipped="0">
  <testcase classname="runner.TestRunner" name="runScenario" time="25.938"/>
</testsuite> <!-- runner.TestRunner -->
