<?xml version="1.0" encoding="UTF-8"?>
<!-- Generated by org.testng.reporters.JUnitReportReporter -->
<testsuite hostname="K556LTRV" failures="0" tests="1" name="ust.PharmEasyAutomationSuite.Test.SortTest" time="3.474" errors="0" timestamp="2024-04-29T15:08:02 IST" skipped="0">
  <testcase classname="ust.PharmEasyAutomationSuite.Test.SortTest" name="test" time="3.474"/>
</testsuite> <!-- ust.PharmEasyAutomationSuite.Test.SortTest -->
