<?xml version="1.0" encoding="UTF-8"?>
<!-- Generated by org.testng.reporters.JUnitReportReporter -->
<testsuite hostname="K486LTRV" failures="0" tests="1" name="ust.PharmEasyAutomationSuite.Test.MedicineDetailsVerificationTest" time="0.095" errors="0" timestamp="2024-04-25T10:35:40 IST" skipped="0">
  <testcase classname="ust.PharmEasyAutomationSuite.Test.MedicineDetailsVerificationTest" name="validateWebsiteURL" time="0.095"/>
</testsuite> <!-- ust.PharmEasyAutomationSuite.Test.MedicineDetailsVerificationTest -->
